#
# There is insufficient memory for the Java Runtime Environment to continue.
# Native memory allocation (malloc) failed to allocate 3056 bytes for AllocateHeap
# Possible reasons:
#   The system is out of physical RAM or swap space
#   In 32 bit mode, the process size limit was hit
# Possible solutions:
#   Reduce memory load on the system
#   Increase physical memory or swap space
#   Check if swap backing store is full
#   Use 64 bit Java on a 64 bit OS
#   Decrease Java heap size (-Xmx/-Xms)
#   Decrease number of Java threads
#   Decrease Java thread stack sizes (-Xss)
#   Set larger code cache with -XX:ReservedCodeCacheSize=
# This output file may be truncated or incomplete.
#
#  Out of Memory Error (memory/allocation.inline.hpp:62), pid=8444, tid=5280
#
# JRE version: Java(TM) SE Runtime Environment (8.0_20-b26) (build 1.8.0_20-b26)
# Java VM: Java HotSpot(TM) 64-Bit Server VM (25.20-b23 mixed mode windows-amd64 compressed oops)
# Failed to write core dump. Minidumps are not enabled by default on client versions of Windows
#

---------------  T H R E A D  ---------------

Current thread (0x0000000003020800):  JavaThread "main" [_thread_in_vm, id=5280, stack(0x0000000002e80000,0x0000000002f80000)]

Stack: [0x0000000002e80000,0x0000000002f80000]
Native frames: (J=compiled Java code, j=interpreted, Vv=VM code, C=native code)
V  [jvm.dll+0x3152fa]


---------------  P R O C E S S  ---------------

Java Threads: ( => current thread )
  0x00000000156f2000 JavaThread "C2 CompilerThread0" daemon [_thread_blocked, id=12188, stack(0x0000000016d50000,0x0000000016e50000)]
  0x00000000156eb000 JavaThread "Attach Listener" daemon [_thread_blocked, id=23288, stack(0x0000000016b50000,0x0000000016c50000)]
  0x00000000156ea000 JavaThread "Signal Dispatcher" daemon [_thread_blocked, id=23392, stack(0x0000000016a50000,0x0000000016b50000)]
  0x0000000003113800 JavaThread "Finalizer" daemon [_thread_blocked, id=21108, stack(0x0000000016950000,0x0000000016a50000)]
  0x000000000310d000 JavaThread "Reference Handler" daemon [_thread_blocked, id=15912, stack(0x0000000016850000,0x0000000016950000)]
=>0x0000000003020800 JavaThread "main" [_thread_in_vm, id=5280, stack(0x0000000002e80000,0x0000000002f80000)]

Other Threads:
  0x00000000156b5800 VMThread [stack: 0x0000000016750000,0x0000000016850000] [id=27200]

VM state:not at safepoint (normal execution)

VM Mutex/Monitor currently owned by a thread:  ([mutex/lock_event])
[0x000000000301c130] Threads_lock - owner thread: 0x0000000003020800

Heap:
 PSYoungGen      total 18944K, used 655K [0x00000000eb400000, 0x00000000ec900000, 0x0000000100000000)
  eden space 16384K, 4% used [0x00000000eb400000,0x00000000eb4a3e28,0x00000000ec400000)
  from space 2560K, 0% used [0x00000000ec680000,0x00000000ec680000,0x00000000ec900000)
  to   space 2560K, 0% used [0x00000000ec400000,0x00000000ec400000,0x00000000ec680000)
 ParOldGen       total 44032K, used 0K [0x00000000c1c00000, 0x00000000c4700000, 0x00000000eb400000)
  object space 44032K, 0% used [0x00000000c1c00000,0x00000000c1c00000,0x00000000c4700000)
 Metaspace       used 1963K, capacity 4480K, committed 4480K, reserved 1056768K
  class space    used 224K, capacity 384K, committed 384K, reserved 1048576K

Card table byte_map: [0x00000000124e0000,0x00000000126e0000] byte_map_base: 0x0000000011ed2000

Marking Bits: (ParMarkBitMap*) 0x00000000554bb460
 Begin Bits: [0x0000000012c30000, 0x0000000013bc0000)
 End Bits:   [0x0000000013bc0000, 0x0000000014b50000)

Polling page: 0x00000000010b0000

CodeCache: size=245760Kb used=434Kb max_used=446Kb free=245325Kb
 bounds [0x0000000003120000, 0x0000000003390000, 0x0000000012120000]
 total_blobs=174 nmethods=0 adapters=126
 compilation: enabled

Compilation events (0 events):
No events

GC Heap History (0 events):
No events

Deoptimization events (0 events):
No events

Internal exceptions (2 events):
Event: 0.263 Thread 0x0000000003020800 Exception <a 'java/lang/NoSuchMethodError': Method sun.misc.Unsafe.defineClass(Ljava/lang/String;[BII)Ljava/lang/Class; name or signature does not match> (0x00000000eb40c4f8) thrown at [D:\re\workspace\8-2-build-windows-amd64-cygwin\jdk8u20\1074\hotspot\sr¸$<ÃÝÐ?
Event: 0.264 Thread 0x0000000003020800 Exception <a 'java/lang/NoSuchMethodError': Method sun.misc.Unsafe.prefetchRead(Ljava/lang/Object;J)V name or signature does not match> (0x00000000eb40c788) thrown at [D:\re\workspace\8-2-build-windows-amd64-cygwin\jdk8u20\1074\hotspot\src\share\vm\prims\j

Events (10 events):
Event: 0.366 loading class sun/net/www/protocol/jar/Handler done
Event: 0.367 loading class sun/misc/Launcher$AppClassLoader
Event: 0.367 loading class sun/misc/Launcher$AppClassLoader done
Event: 0.367 loading class sun/misc/Launcher$AppClassLoader$1
Event: 0.368 loading class sun/misc/Launcher$AppClassLoader$1 done
Event: 0.370 loading class java/lang/SystemClassLoaderAction
Event: 0.370 loading class java/lang/SystemClassLoaderAction done
Event: 0.370 Thread 0x00000000156ea000 Thread added: 0x00000000156ea000
Event: 0.370 Thread 0x00000000156eb000 Thread added: 0x00000000156eb000
Event: 0.370 Thread 0x00000000156f2000 Thread added: 0x00000000156f2000


Dynamic libraries:
0x00007ff6f7000000 - 0x00007ff6f7034000 	C:\Program Files\Java\jre1.8.0_20\bin\javaw.exe
0x00007ffbd10c0000 - 0x00007ffbd12a1000 	C:\WINDOWS\SYSTEM32\ntdll.dll
0x00007ffbd0ea0000 - 0x00007ffbd0f52000 	C:\WINDOWS\System32\KERNEL32.DLL
0x00007ffbcdfb0000 - 0x00007ffbce223000 	C:\WINDOWS\System32\KERNELBASE.dll
0x00007ffbd03b0000 - 0x00007ffbd0451000 	C:\WINDOWS\System32\ADVAPI32.dll
0x00007ffbd0f90000 - 0x00007ffbd102e000 	C:\WINDOWS\System32\msvcrt.dll
0x00007ffbd0470000 - 0x00007ffbd04cb000 	C:\WINDOWS\System32\sechost.dll
0x00007ffbce550000 - 0x00007ffbce674000 	C:\WINDOWS\System32\RPCRT4.dll
0x00007ffbd0630000 - 0x00007ffbd07c0000 	C:\WINDOWS\System32\USER32.dll
0x00007ffbce230000 - 0x00007ffbce250000 	C:\WINDOWS\System32\win32u.dll
0x00007ffbd0240000 - 0x00007ffbd0268000 	C:\WINDOWS\System32\GDI32.dll
0x00007ffbcde10000 - 0x00007ffbcdfa2000 	C:\WINDOWS\System32\gdi32full.dll
0x00007ffbcdd70000 - 0x00007ffbcde0f000 	C:\WINDOWS\System32\msvcp_win.dll
0x00007ffbcdc70000 - 0x00007ffbcdd6a000 	C:\WINDOWS\System32\ucrtbase.dll
0x00007ffbbb970000 - 0x00007ffbbbbd9000 	C:\WINDOWS\WinSxS\amd64_microsoft.windows.common-controls_6595b64144ccf1df_6.0.17134.345_none_fb429a5930656358\COMCTL32.dll
0x00007ffbce850000 - 0x00007ffbceb73000 	C:\WINDOWS\System32\combase.dll
0x00007ffbcdba0000 - 0x00007ffbcdc1a000 	C:\WINDOWS\System32\bcryptPrimitives.dll
0x00007ffbd0f60000 - 0x00007ffbd0f8d000 	C:\WINDOWS\System32\IMM32.DLL
0x0000000056f80000 - 0x0000000057052000 	C:\Program Files\Java\jre1.8.0_20\bin\msvcr100.dll
0x0000000054ce0000 - 0x0000000055538000 	C:\Program Files\Java\jre1.8.0_20\bin\server\jvm.dll
0x00007ffbd0460000 - 0x00007ffbd0468000 	C:\WINDOWS\System32\PSAPI.DLL
0x00007ffbc37b0000 - 0x00007ffbc37d3000 	C:\WINDOWS\SYSTEM32\WINMM.dll
0x00007ffbc42e0000 - 0x00007ffbc42e9000 	C:\WINDOWS\SYSTEM32\WSOCK32.dll
0x00007ffbd0340000 - 0x00007ffbd03ac000 	C:\WINDOWS\System32\WS2_32.dll
0x00007ffbc3780000 - 0x00007ffbc37aa000 	C:\WINDOWS\SYSTEM32\WINMMBASE.dll
0x00007ffbcdc20000 - 0x00007ffbcdc69000 	C:\WINDOWS\System32\cfgmgr32.dll
0x00000000586b0000 - 0x00000000586bf000 	C:\Program Files\Java\jre1.8.0_20\bin\verify.dll
0x0000000057c90000 - 0x0000000057cb8000 	C:\Program Files\Java\jre1.8.0_20\bin\java.dll
0x0000000057b90000 - 0x0000000057ba6000 	C:\Program Files\Java\jre1.8.0_20\bin\zip.dll
0x00007ffbced80000 - 0x00007ffbd01bf000 	C:\WINDOWS\System32\SHELL32.dll
0x00007ffbd0df0000 - 0x00007ffbd0e99000 	C:\WINDOWS\System32\shcore.dll
0x00007ffbcd490000 - 0x00007ffbcdb9d000 	C:\WINDOWS\System32\windows.storage.dll
0x00007ffbd1030000 - 0x00007ffbd1081000 	C:\WINDOWS\System32\shlwapi.dll
0x00007ffbcd450000 - 0x00007ffbcd461000 	C:\WINDOWS\System32\kernel.appcore.dll
0x00007ffbcd470000 - 0x00007ffbcd48f000 	C:\WINDOWS\System32\profapi.dll
0x00007ffbcd3e0000 - 0x00007ffbcd42c000 	C:\WINDOWS\System32\powrprof.dll
0x00007ffbcd3d0000 - 0x00007ffbcd3da000 	C:\WINDOWS\System32\FLTLIB.DLL
0x00007ffbc8af0000 - 0x00007ffbc8cb9000 	C:\WINDOWS\SYSTEM32\dbghelp.dll

VM Arguments:
jvm_args: -Dfile.encoding=Cp1252 
java_command: frame
java_class_path (initial): C:\Users\sachin\workspace\KBC\bin
Launcher Type: SUN_STANDARD

Environment Variables:
PATH=C:/Program Files/Java/jre1.8.0_20/bin/server;C:/Program Files/Java/jre1.8.0_20/bin;C:/Program Files/Java/jre1.8.0_20/lib/amd64;C:\ProgramData\Oracle\Java\javapath;C:\Program Files (x86)\Intel\iCLS Client\;C:\Program Files\Intel\iCLS Client\;C:\WINDOWS\system32;C:\WINDOWS;C:\WINDOWS\System32\Wbem;C:\WINDOWS\System32\WindowsPowerShell\v1.0\;C:\Program Files\Intel\Intel(R) Management Engine Components\DAL;C:\Program Files\Intel\Intel(R) Management Engine Components\IPT;C:\Program Files (x86)\Intel\Intel(R) Management Engine Components\DAL;C:\Program Files (x86)\Intel\Intel(R) Management Engine Components\IPT;C:\Program Files (x86)\Intel\OpenCL SDK\2.0\bin\x86;C:\Program Files (x86)\Intel\OpenCL SDK\2.0\bin\x64;C:\Program Files\Intel\WiFi\bin\;C:\Program Files\Common Files\Intel\WirelessCommon\;C:\WINDOWS\System32\OpenSSH\;C:\Users\sachin\AppData\Local\Microsoft\WindowsApps;;C:\Users\sachin\Desktop;
USERNAME=sachin
OS=Windows_NT
PROCESSOR_IDENTIFIER=Intel64 Family 6 Model 58 Stepping 9, GenuineIntel



---------------  S Y S T E M  ---------------

OS: Windows 8.1 , 64 bit Build 9600 

CPU:total 4 (2 cores per cpu, 2 threads per core) family 6 model 58 stepping 9, cmov, cx8, fxsr, mmx, sse, sse2, sse3, ssse3, sse4.1, sse4.2, popcnt, avx, aes, clmul, erms, ht, tsc, tscinvbit, tscinv

Memory: 4k page, physical 4077252k(309048k free), swap 16660164k(28k free)

vm_info: Java HotSpot(TM) 64-Bit Server VM (25.20-b23) for windows-amd64 JRE (1.8.0_20-b26), built on Jul 30 2014 13:51:23 by "java_re" with MS VC++ 10.0 (VS2010)

time: Tue Nov 06 12:25:09 2018
elapsed time: 0 seconds (0d 0h 0m 0s)

