#
# There is insufficient memory for the Java Runtime Environment to continue.
# Native memory allocation (malloc) failed to allocate 32744 bytes for ChunkPool::allocate
# Possible reasons:
#   The system is out of physical RAM or swap space
#   In 32 bit mode, the process size limit was hit
# Possible solutions:
#   Reduce memory load on the system
#   Increase physical memory or swap space
#   Check if swap backing store is full
#   Use 64 bit Java on a 64 bit OS
#   Decrease Java heap size (-Xmx/-Xms)
#   Decrease number of Java threads
#   Decrease Java thread stack sizes (-Xss)
#   Set larger code cache with -XX:ReservedCodeCacheSize=
# This output file may be truncated or incomplete.
#
#  Out of Memory Error (allocation.cpp:273), pid=25532, tid=28808
#
# JRE version: Java(TM) SE Runtime Environment (8.0_20-b26) (build 1.8.0_20-b26)
# Java VM: Java HotSpot(TM) 64-Bit Server VM (25.20-b23 mixed mode windows-amd64 compressed oops)
# Failed to write core dump. Minidumps are not enabled by default on client versions of Windows
#

---------------  T H R E A D  ---------------

Current thread (0x0000000015985000):  JavaThread "C2 CompilerThread1" daemon [_thread_in_native, id=28808, stack(0x0000000016fd0000,0x00000000170d0000)]

Stack: [0x0000000016fd0000,0x00000000170d0000]
Native frames: (J=compiled Java code, j=interpreted, Vv=VM code, C=native code)
V  [jvm.dll+0x3152fa]


Current CompileTask:
C2:4504203  535       4       java.util.HashMap::get (23 bytes)


---------------  P R O C E S S  ---------------

Java Threads: ( => current thread )
  0x0000000019dfe800 JavaThread "TimerQueue" daemon [_thread_blocked, id=9032, stack(0x000000001c300000,0x000000001c400000)]
  0x00000000032b0800 JavaThread "DestroyJavaVM" [_thread_blocked, id=31168, stack(0x0000000003190000,0x0000000003290000)]
  0x0000000017586000 JavaThread "D3D Screen Updater" daemon [_thread_blocked, id=11588, stack(0x000000001ae60000,0x000000001af60000)]
  0x0000000019de2800 JavaThread "AWT-EventQueue-0" [_thread_blocked, id=11888, stack(0x000000001a5a0000,0x000000001a6a0000)]
  0x0000000017537000 JavaThread "AWT-Windows" daemon [_thread_in_native, id=25376, stack(0x0000000017b10000,0x0000000017c10000)]
  0x0000000017535800 JavaThread "AWT-Shutdown" [_thread_blocked, id=27668, stack(0x0000000017a10000,0x0000000017b10000)]
  0x00000000173b4800 JavaThread "Java2D Disposer" daemon [_thread_blocked, id=18764, stack(0x0000000017910000,0x0000000017a10000)]
  0x00000000171fc800 JavaThread "Service Thread" daemon [_thread_blocked, id=15428, stack(0x00000000175d0000,0x00000000176d0000)]
  0x0000000015986800 JavaThread "C1 CompilerThread2" daemon [_thread_blocked, id=31384, stack(0x00000000170d0000,0x00000000171d0000)]
=>0x0000000015985000 JavaThread "C2 CompilerThread1" daemon [_thread_in_native, id=28808, stack(0x0000000016fd0000,0x00000000170d0000)]
  0x000000001597d800 JavaThread "C2 CompilerThread0" daemon [_thread_blocked, id=11380, stack(0x0000000016ed0000,0x0000000016fd0000)]
  0x000000001597b000 JavaThread "Attach Listener" daemon [_thread_blocked, id=29816, stack(0x0000000016dd0000,0x0000000016ed0000)]
  0x0000000015979800 JavaThread "Signal Dispatcher" daemon [_thread_blocked, id=29428, stack(0x0000000016cd0000,0x0000000016dd0000)]
  0x00000000033a2000 JavaThread "Finalizer" daemon [_thread_blocked, id=11728, stack(0x0000000016bd0000,0x0000000016cd0000)]
  0x000000000339b000 JavaThread "Reference Handler" daemon [_thread_blocked, id=10764, stack(0x0000000016ad0000,0x0000000016bd0000)]

Other Threads:
  0x0000000015945000 VMThread [stack: 0x00000000169d0000,0x0000000016ad0000] [id=6736]
  0x00000000171fe800 WatcherThread [stack: 0x00000000176d0000,0x00000000177d0000] [id=6112]

VM state:not at safepoint (normal execution)

VM Mutex/Monitor currently owned by a thread: None

Heap:
 PSYoungGen      total 18944K, used 7186K [0x00000000eb400000, 0x00000000ec900000, 0x0000000100000000)
  eden space 16384K, 43% used [0x00000000eb400000,0x00000000ebb04a08,0x00000000ec400000)
  from space 2560K, 0% used [0x00000000ec680000,0x00000000ec680000,0x00000000ec900000)
  to   space 2560K, 0% used [0x00000000ec400000,0x00000000ec400000,0x00000000ec680000)
 ParOldGen       total 44032K, used 0K [0x00000000c1c00000, 0x00000000c4700000, 0x00000000eb400000)
  object space 44032K, 0% used [0x00000000c1c00000,0x00000000c1c00000,0x00000000c4700000)
 Metaspace       used 9710K, capacity 9836K, committed 10112K, reserved 1058816K
  class space    used 1248K, capacity 1287K, committed 1408K, reserved 1048576K

Card table byte_map: [0x0000000012770000,0x0000000012970000] byte_map_base: 0x0000000012162000

Marking Bits: (ParMarkBitMap*) 0x00000000554bb460
 Begin Bits: [0x0000000012ec0000, 0x0000000013e50000)
 End Bits:   [0x0000000013e50000, 0x0000000014de0000)

Polling page: 0x0000000000ff0000

CodeCache: size=245760Kb used=2182Kb max_used=2193Kb free=243577Kb
 bounds [0x00000000033b0000, 0x0000000003620000, 0x00000000123b0000]
 total_blobs=1009 nmethods=534 adapters=389
 compilation: enabled

Compilation events (10 events):
Event: 4502.990 Thread 0x0000000015986800 nmethod 530 0x00000000035d3690 code [0x00000000035d3800, 0x00000000035d3b90]
Event: 4503.308 Thread 0x0000000015986800  531       1       java.lang.String::toString (2 bytes)
Event: 4503.308 Thread 0x0000000015986800 nmethod 531 0x00000000035c8510 code [0x00000000035c8660, 0x00000000035c8770]
Event: 4503.313 Thread 0x0000000015985000  532       4       java.lang.String::compareTo (9 bytes)
Event: 4503.315 Thread 0x0000000015985000 nmethod 532 0x00000000035d1e10 code [0x00000000035d1f60, 0x00000000035d20b8]
Event: 4503.319 Thread 0x000000001597d800  533       4       java.util.HashMap::hash (20 bytes)
Event: 4503.321 Thread 0x000000001597d800 nmethod 533 0x00000000035d1b90 code [0x00000000035d1cc0, 0x00000000035d1d78]
Event: 4503.328 Thread 0x000000001597d800  534       4       java.util.HashMap::put (13 bytes)
Event: 4503.331 Thread 0x000000001597d800 nmethod 534 0x00000000035d1850 code [0x00000000035d19a0, 0x00000000035d1aa8]
Event: 4503.332 Thread 0x0000000015985000  535       4       java.util.HashMap::get (23 bytes)

GC Heap History (0 events):
No events

Deoptimization events (0 events):
No events

Internal exceptions (10 events):
Event: 0.456 Thread 0x00000000032b0800 Exception <a 'java/lang/NoSuchFieldError': method resolution failed> (0x00000000eb6067b0) thrown at [D:\re\workspace\8-2-build-windows-amd64-cygwin\jdk8u20\1074\hotspot\src\share\vm\prims\methodHandles.cpp, line 1159]
Event: 0.459 Thread 0x00000000032b0800 Exception <a 'java/lang/NoSuchFieldError': method resolution failed> (0x00000000eb609c30) thrown at [D:\re\workspace\8-2-build-windows-amd64-cygwin\jdk8u20\1074\hotspot\src\share\vm\prims\methodHandles.cpp, line 1159]
Event: 0.598 Thread 0x00000000032b0800 Exception <a 'java/security/PrivilegedActionException'> (0x00000000eb6f6d00) thrown at [D:\re\workspace\8-2-build-windows-amd64-cygwin\jdk8u20\1074\hotspot\src\share\vm\prims\jvm.cpp, line 1275]
Event: 0.598 Thread 0x00000000032b0800 Exception <a 'java/security/PrivilegedActionException'> (0x00000000eb6f7ba0) thrown at [D:\re\workspace\8-2-build-windows-amd64-cygwin\jdk8u20\1074\hotspot\src\share\vm\prims\jvm.cpp, line 1275]
Event: 0.599 Thread 0x00000000032b0800 Exception <a 'java/security/PrivilegedActionException'> (0x00000000eb6fc2c0) thrown at [D:\re\workspace\8-2-build-windows-amd64-cygwin\jdk8u20\1074\hotspot\src\share\vm\prims\jvm.cpp, line 1275]
Event: 0.599 Thread 0x00000000032b0800 Exception <a 'java/security/PrivilegedActionException'> (0x00000000eb6fd160) thrown at [D:\re\workspace\8-2-build-windows-amd64-cygwin\jdk8u20\1074\hotspot\src\share\vm\prims\jvm.cpp, line 1275]
Event: 0.866 Thread 0x00000000032b0800 Exception <a 'java/security/PrivilegedActionException'> (0x00000000eb7e5998) thrown at [D:\re\workspace\8-2-build-windows-amd64-cygwin\jdk8u20\1074\hotspot\src\share\vm\prims\jvm.cpp, line 1275]
Event: 0.869 Thread 0x00000000032b0800 Exception <a 'java/security/PrivilegedActionException'> (0x00000000eb7e6a68) thrown at [D:\re\workspace\8-2-build-windows-amd64-cygwin\jdk8u20\1074\hotspot\src\share\vm\prims\jvm.cpp, line 1275]
Event: 0.873 Thread 0x00000000032b0800 Exception <a 'java/security/PrivilegedActionException'> (0x00000000eb7e7af8) thrown at [D:\re\workspace\8-2-build-windows-amd64-cygwin\jdk8u20\1074\hotspot\src\share\vm\prims\jvm.cpp, line 1275]
Event: 0.876 Thread 0x00000000032b0800 Exception <a 'java/security/PrivilegedActionException'> (0x00000000eb7e8b88) thrown at [D:\re\workspace\8-2-build-windows-amd64-cygwin\jdk8u20\1074\hotspot\src\share\vm\prims\jvm.cpp, line 1275]

Events (10 events):
Event: 921.733 loading class java/awt/image/WritableRenderedImage done
Event: 921.733 loading class java/awt/image/BufferedImage done
Event: 921.734 loading class java/awt/image/BufferedImage$1
Event: 921.734 loading class java/awt/image/BufferedImage$1 done
Event: 921.735 loading class sun/awt/image/BufImgSurfaceData
Event: 921.736 loading class sun/awt/image/BufImgSurfaceData done
Event: 921.736 loading class sun/awt/image/BufImgSurfaceData$ICMColorData
Event: 921.736 loading class sun/awt/image/BufImgSurfaceData$ICMColorData done
Event: 929.993 loading class sun/java2d/pipe/hw/AccelDeviceEventNotifier
Event: 930.196 loading class sun/java2d/pipe/hw/AccelDeviceEventNotifier done


Dynamic libraries:
0x00007ff6f7000000 - 0x00007ff6f7034000 	C:\Program Files\Java\jre1.8.0_20\bin\javaw.exe
0x00007ffbd10c0000 - 0x00007ffbd12a1000 	C:\WINDOWS\SYSTEM32\ntdll.dll
0x00007ffbd0ea0000 - 0x00007ffbd0f52000 	C:\WINDOWS\System32\KERNEL32.DLL
0x00007ffbcdfb0000 - 0x00007ffbce223000 	C:\WINDOWS\System32\KERNELBASE.dll
0x00007ffbd03b0000 - 0x00007ffbd0451000 	C:\WINDOWS\System32\ADVAPI32.dll
0x00007ffbd0f90000 - 0x00007ffbd102e000 	C:\WINDOWS\System32\msvcrt.dll
0x00007ffbd0470000 - 0x00007ffbd04cb000 	C:\WINDOWS\System32\sechost.dll
0x00007ffbce550000 - 0x00007ffbce674000 	C:\WINDOWS\System32\RPCRT4.dll
0x00007ffbd0630000 - 0x00007ffbd07c0000 	C:\WINDOWS\System32\USER32.dll
0x00007ffbce230000 - 0x00007ffbce250000 	C:\WINDOWS\System32\win32u.dll
0x00007ffbd0240000 - 0x00007ffbd0268000 	C:\WINDOWS\System32\GDI32.dll
0x00007ffbcde10000 - 0x00007ffbcdfa2000 	C:\WINDOWS\System32\gdi32full.dll
0x00007ffbcdd70000 - 0x00007ffbcde0f000 	C:\WINDOWS\System32\msvcp_win.dll
0x00007ffbcdc70000 - 0x00007ffbcdd6a000 	C:\WINDOWS\System32\ucrtbase.dll
0x00007ffbbb970000 - 0x00007ffbbbbd9000 	C:\WINDOWS\WinSxS\amd64_microsoft.windows.common-controls_6595b64144ccf1df_6.0.17134.345_none_fb429a5930656358\COMCTL32.dll
0x00007ffbce850000 - 0x00007ffbceb73000 	C:\WINDOWS\System32\combase.dll
0x00007ffbcdba0000 - 0x00007ffbcdc1a000 	C:\WINDOWS\System32\bcryptPrimitives.dll
0x00007ffbd0f60000 - 0x00007ffbd0f8d000 	C:\WINDOWS\System32\IMM32.DLL
0x0000000056f80000 - 0x0000000057052000 	C:\Program Files\Java\jre1.8.0_20\bin\msvcr100.dll
0x0000000054ce0000 - 0x0000000055538000 	C:\Program Files\Java\jre1.8.0_20\bin\server\jvm.dll
0x00007ffbd0460000 - 0x00007ffbd0468000 	C:\WINDOWS\System32\PSAPI.DLL
0x00007ffbc37b0000 - 0x00007ffbc37d3000 	C:\WINDOWS\SYSTEM32\WINMM.dll
0x00007ffbc3780000 - 0x00007ffbc37aa000 	C:\WINDOWS\SYSTEM32\WINMMBASE.dll
0x00007ffbcdc20000 - 0x00007ffbcdc69000 	C:\WINDOWS\System32\cfgmgr32.dll
0x00007ffbc42e0000 - 0x00007ffbc42e9000 	C:\WINDOWS\SYSTEM32\WSOCK32.dll
0x00007ffbd0340000 - 0x00007ffbd03ac000 	C:\WINDOWS\System32\WS2_32.dll
0x00000000586b0000 - 0x00000000586bf000 	C:\Program Files\Java\jre1.8.0_20\bin\verify.dll
0x0000000057c90000 - 0x0000000057cb8000 	C:\Program Files\Java\jre1.8.0_20\bin\java.dll
0x0000000057b90000 - 0x0000000057ba6000 	C:\Program Files\Java\jre1.8.0_20\bin\zip.dll
0x00007ffbced80000 - 0x00007ffbd01bf000 	C:\WINDOWS\System32\SHELL32.dll
0x00007ffbd0df0000 - 0x00007ffbd0e99000 	C:\WINDOWS\System32\shcore.dll
0x00007ffbcd490000 - 0x00007ffbcdb9d000 	C:\WINDOWS\System32\windows.storage.dll
0x00007ffbd1030000 - 0x00007ffbd1081000 	C:\WINDOWS\System32\shlwapi.dll
0x00007ffbcd450000 - 0x00007ffbcd461000 	C:\WINDOWS\System32\kernel.appcore.dll
0x00007ffbcd470000 - 0x00007ffbcd48f000 	C:\WINDOWS\System32\profapi.dll
0x00007ffbcd3e0000 - 0x00007ffbcd42c000 	C:\WINDOWS\System32\powrprof.dll
0x00007ffbcd3d0000 - 0x00007ffbcd3da000 	C:\WINDOWS\System32\FLTLIB.DLL
0x0000000056de0000 - 0x0000000056f78000 	C:\Program Files\Java\jre1.8.0_20\bin\awt.dll
0x00007ffbd0270000 - 0x00007ffbd0332000 	C:\WINDOWS\System32\OLEAUT32.dll
0x00007ffbcb1f0000 - 0x00007ffbcb27b000 	C:\WINDOWS\SYSTEM32\apphelp.dll
0x00007ffbcbb60000 - 0x00007ffbcbb89000 	C:\WINDOWS\system32\DWMAPI.DLL
0x00007ffbcba90000 - 0x00007ffbcbb28000 	C:\WINDOWS\system32\uxtheme.dll
0x00007ffbd0c70000 - 0x00007ffbd0de4000 	C:\WINDOWS\System32\MSCTF.dll
0x00007ffbd04d0000 - 0x00007ffbd0621000 	C:\WINDOWS\System32\ole32.dll
0x0000000058040000 - 0x0000000058087000 	C:\Program Files\Java\jre1.8.0_20\bin\fontmanager.dll
0x00007ffbce6b0000 - 0x00007ffbce750000 	C:\WINDOWS\System32\clbcatq.dll
0x00007ffbcb760000 - 0x00007ffbcb90e000 	C:\WINDOWS\SYSTEM32\WindowsCodecs.dll
0x00007ffbbc8e0000 - 0x00007ffbbc938000 	C:\WINDOWS\system32\dataexchange.dll
0x00007ffbca230000 - 0x00007ffbca53b000 	C:\WINDOWS\system32\d3d11.dll
0x00007ffbcab10000 - 0x00007ffbcacac000 	C:\WINDOWS\system32\dcomp.dll
0x00007ffbcc190000 - 0x00007ffbcc24b000 	C:\WINDOWS\system32\dxgi.dll
0x00007ffbcbc40000 - 0x00007ffbcbdf8000 	C:\WINDOWS\system32\twinapi.appcore.dll
0x00007ffbcbe30000 - 0x00007ffbcbe51000 	C:\WINDOWS\system32\RMCLIENT.dll
0x00007ffbbf460000 - 0x00007ffbbf4f7000 	C:\WINDOWS\System32\TextInputFramework.dll
0x00007ffbbf0c0000 - 0x00007ffbbf3de000 	C:\WINDOWS\System32\CoreUIComponents.dll
0x00007ffbcacb0000 - 0x00007ffbcad8a000 	C:\WINDOWS\System32\CoreMessaging.dll
0x00007ffbcc4c0000 - 0x00007ffbcc4f1000 	C:\WINDOWS\SYSTEM32\ntmarta.dll
0x00007ffbc7f80000 - 0x00007ffbc80cd000 	C:\WINDOWS\SYSTEM32\wintypes.dll
0x00007ffbbbe90000 - 0x00007ffbbbefb000 	C:\WINDOWS\system32\Oleacc.dll
0x0000000057b70000 - 0x0000000057b8a000 	C:\Program Files\Java\jre1.8.0_20\bin\net.dll
0x00007ffbccbf0000 - 0x00007ffbccc56000 	C:\WINDOWS\system32\mswsock.dll
0x0000000057b50000 - 0x0000000057b61000 	C:\Program Files\Java\jre1.8.0_20\bin\nio.dll
0x0000000057ff0000 - 0x0000000058031000 	C:\Program Files\Java\jre1.8.0_20\bin\t2k.dll
0x00007ffbc8af0000 - 0x00007ffbc8cb9000 	C:\WINDOWS\SYSTEM32\dbghelp.dll

VM Arguments:
jvm_args: -Dfile.encoding=Cp1252 
java_command: frame
java_class_path (initial): C:\Users\sachin\workspace\KBC\bin
Launcher Type: SUN_STANDARD

Environment Variables:
PATH=C:/Program Files/Java/jre1.8.0_20/bin/server;C:/Program Files/Java/jre1.8.0_20/bin;C:/Program Files/Java/jre1.8.0_20/lib/amd64;C:\ProgramData\Oracle\Java\javapath;C:\Program Files (x86)\Intel\iCLS Client\;C:\Program Files\Intel\iCLS Client\;C:\WINDOWS\system32;C:\WINDOWS;C:\WINDOWS\System32\Wbem;C:\WINDOWS\System32\WindowsPowerShell\v1.0\;C:\Program Files\Intel\Intel(R) Management Engine Components\DAL;C:\Program Files\Intel\Intel(R) Management Engine Components\IPT;C:\Program Files (x86)\Intel\Intel(R) Management Engine Components\DAL;C:\Program Files (x86)\Intel\Intel(R) Management Engine Components\IPT;C:\Program Files (x86)\Intel\OpenCL SDK\2.0\bin\x86;C:\Program Files (x86)\Intel\OpenCL SDK\2.0\bin\x64;C:\Program Files\Intel\WiFi\bin\;C:\Program Files\Common Files\Intel\WirelessCommon\;C:\WINDOWS\System32\OpenSSH\;C:\Users\sachin\AppData\Local\Microsoft\WindowsApps;;C:\Users\sachin\Desktop;
USERNAME=sachin
OS=Windows_NT
PROCESSOR_IDENTIFIER=Intel64 Family 6 Model 58 Stepping 9, GenuineIntel



---------------  S Y S T E M  ---------------

OS: Windows 8.1 , 64 bit Build 9600 

CPU:total 4 (2 cores per cpu, 2 threads per core) family 6 model 58 stepping 9, cmov, cx8, fxsr, mmx, sse, sse2, sse3, ssse3, sse4.1, sse4.2, popcnt, avx, aes, clmul, erms, ht, tsc, tscinvbit, tscinv

Memory: 4k page, physical 4077252k(209520k free), swap 16660164k(0k free)

vm_info: Java HotSpot(TM) 64-Bit Server VM (25.20-b23) for windows-amd64 JRE (1.8.0_20-b26), built on Jul 30 2014 13:51:23 by "java_re" with MS VC++ 10.0 (VS2010)

time: Tue Nov 06 12:59:14 2018
elapsed time: 4503 seconds (0d 1h 15m 3s)

