#
# There is insufficient memory for the Java Runtime Environment to continue.
# Native memory allocation (malloc) failed to allocate 32744 bytes for ChunkPool::allocate
# Possible reasons:
#   The system is out of physical RAM or swap space
#   In 32 bit mode, the process size limit was hit
# Possible solutions:
#   Reduce memory load on the system
#   Increase physical memory or swap space
#   Check if swap backing store is full
#   Use 64 bit Java on a 64 bit OS
#   Decrease Java heap size (-Xmx/-Xms)
#   Decrease number of Java threads
#   Decrease Java thread stack sizes (-Xss)
#   Set larger code cache with -XX:ReservedCodeCacheSize=
# This output file may be truncated or incomplete.
#
#  Out of Memory Error (allocation.cpp:273), pid=7520, tid=20260
#
# JRE version: Java(TM) SE Runtime Environment (8.0_20-b26) (build 1.8.0_20-b26)
# Java VM: Java HotSpot(TM) 64-Bit Server VM (25.20-b23 mixed mode windows-amd64 compressed oops)
# Failed to write core dump. Minidumps are not enabled by default on client versions of Windows
#

---------------  T H R E A D  ---------------

Current thread (0x000000001535d800):  JavaThread "C2 CompilerThread0" daemon [_thread_in_native, id=20260, stack(0x00000000168b0000,0x00000000169b0000)]

Stack: [0x00000000168b0000,0x00000000169b0000]
Native frames: (J=compiled Java code, j=interpreted, Vv=VM code, C=native code)
V  [jvm.dll+0x3152fa]


Current CompileTask:
C2:4953177  749       4       java.lang.String::compareTo (9 bytes)


---------------  P R O C E S S  ---------------

Java Threads: ( => current thread )
  0x0000000019e9a000 JavaThread "TimerQueue" daemon [_thread_blocked, id=29840, stack(0x000000001b150000,0x000000001b250000)]
  0x0000000002c90800 JavaThread "DestroyJavaVM" [_thread_blocked, id=10336, stack(0x0000000002ae0000,0x0000000002be0000)]
  0x0000000016f96800 JavaThread "D3D Screen Updater" daemon [_thread_blocked, id=12884, stack(0x000000001a7d0000,0x000000001a8d0000)]
  0x0000000016f8f800 JavaThread "AWT-EventQueue-0" [_thread_blocked, id=13720, stack(0x0000000019780000,0x0000000019880000)]
  0x0000000016edb800 JavaThread "AWT-Windows" daemon [_thread_in_native, id=28096, stack(0x00000000174f0000,0x00000000175f0000)]
  0x0000000016ecb000 JavaThread "AWT-Shutdown" [_thread_blocked, id=10668, stack(0x00000000173f0000,0x00000000174f0000)]
  0x0000000016ea8800 JavaThread "Java2D Disposer" daemon [_thread_blocked, id=31620, stack(0x00000000172f0000,0x00000000173f0000)]
  0x0000000016bdd000 JavaThread "Service Thread" daemon [_thread_blocked, id=12964, stack(0x0000000016fb0000,0x00000000170b0000)]
  0x0000000015369800 JavaThread "C1 CompilerThread2" daemon [_thread_blocked, id=12468, stack(0x0000000016ab0000,0x0000000016bb0000)]
  0x0000000015365000 JavaThread "C2 CompilerThread1" daemon [_thread_blocked, id=16952, stack(0x00000000169b0000,0x0000000016ab0000)]
=>0x000000001535d800 JavaThread "C2 CompilerThread0" daemon [_thread_in_native, id=20260, stack(0x00000000168b0000,0x00000000169b0000)]
  0x000000001535b000 JavaThread "Attach Listener" daemon [_thread_blocked, id=17040, stack(0x00000000167b0000,0x00000000168b0000)]
  0x0000000015359800 JavaThread "Signal Dispatcher" daemon [_thread_blocked, id=4768, stack(0x00000000166b0000,0x00000000167b0000)]
  0x0000000002d82000 JavaThread "Finalizer" daemon [_thread_blocked, id=23708, stack(0x00000000165b0000,0x00000000166b0000)]
  0x0000000002d7b000 JavaThread "Reference Handler" daemon [_thread_blocked, id=29640, stack(0x00000000164b0000,0x00000000165b0000)]

Other Threads:
  0x0000000015325000 VMThread [stack: 0x00000000163b0000,0x00000000164b0000] [id=25464]
  0x0000000016bde800 WatcherThread [stack: 0x00000000170b0000,0x00000000171b0000] [id=12212]

VM state:not at safepoint (normal execution)

VM Mutex/Monitor currently owned by a thread: None

Heap:
 PSYoungGen      total 18944K, used 7514K [0x00000000eb400000, 0x00000000ec900000, 0x0000000100000000)
  eden space 16384K, 45% used [0x00000000eb400000,0x00000000ebb568f0,0x00000000ec400000)
  from space 2560K, 0% used [0x00000000ec680000,0x00000000ec680000,0x00000000ec900000)
  to   space 2560K, 0% used [0x00000000ec400000,0x00000000ec400000,0x00000000ec680000)
 ParOldGen       total 44032K, used 0K [0x00000000c1c00000, 0x00000000c4700000, 0x00000000eb400000)
  object space 44032K, 0% used [0x00000000c1c00000,0x00000000c1c00000,0x00000000c4700000)
 Metaspace       used 9930K, capacity 10028K, committed 10368K, reserved 1058816K
  class space    used 1251K, capacity 1287K, committed 1408K, reserved 1048576K

Card table byte_map: [0x0000000012150000,0x0000000012350000] byte_map_base: 0x0000000011b42000

Marking Bits: (ParMarkBitMap*) 0x00000000554bb460
 Begin Bits: [0x00000000128a0000, 0x0000000013830000)
 End Bits:   [0x0000000013830000, 0x00000000147c0000)

Polling page: 0x0000000000d30000

CodeCache: size=245760Kb used=2848Kb max_used=2848Kb free=242911Kb
 bounds [0x0000000002d90000, 0x0000000003060000, 0x0000000011d90000]
 total_blobs=1224 nmethods=749 adapters=389
 compilation: enabled

Compilation events (10 events):
Event: 4677.830 Thread 0x0000000015369800  744       3       java.awt.Color::testColorValueRange (186 bytes)
Event: 4677.833 Thread 0x000000001535d800 nmethod 745 0x0000000003051050 code [0x00000000030511a0, 0x00000000030512a8]
Event: 4677.838 Thread 0x0000000015369800 nmethod 744 0x0000000003056310 code [0x00000000030566a0, 0x00000000030587d8]
Event: 4677.978 Thread 0x0000000015369800  746  s    3       sun.awt.windows.WDesktopProperties::setColorProperty (107 bytes)
Event: 4677.983 Thread 0x0000000015369800 nmethod 746 0x0000000003059650 code [0x00000000030598a0, 0x000000000305a808]
Event: 4678.029 Thread 0x0000000015369800  747       3       java.util.IdentityHashMap$IdentityHashMapIterator::<init> (6 bytes)
Event: 4678.030 Thread 0x0000000015369800 nmethod 747 0x000000000304ed90 code [0x000000000304ef00, 0x000000000304f088]
Event: 4951.929 Thread 0x0000000015369800  748       1       java.lang.String::toString (2 bytes)
Event: 4951.929 Thread 0x0000000015369800 nmethod 748 0x0000000003050d90 code [0x0000000003050ee0, 0x0000000003050ff0]
Event: 4952.233 Thread 0x000000001535d800  749       4       java.lang.String::compareTo (9 bytes)

GC Heap History (0 events):
No events

Deoptimization events (0 events):
No events

Internal exceptions (10 events):
Event: 0.444 Thread 0x0000000002c90800 Exception <a 'java/lang/NoSuchFieldError': method resolution failed> (0x00000000eb6067e0) thrown at [D:\re\workspace\8-2-build-windows-amd64-cygwin\jdk8u20\1074\hotspot\src\share\vm\prims\methodHandles.cpp, line 1159]
Event: 0.448 Thread 0x0000000002c90800 Exception <a 'java/lang/NoSuchFieldError': method resolution failed> (0x00000000eb609c60) thrown at [D:\re\workspace\8-2-build-windows-amd64-cygwin\jdk8u20\1074\hotspot\src\share\vm\prims\methodHandles.cpp, line 1159]
Event: 0.585 Thread 0x0000000002c90800 Exception <a 'java/security/PrivilegedActionException'> (0x00000000eb6f6d30) thrown at [D:\re\workspace\8-2-build-windows-amd64-cygwin\jdk8u20\1074\hotspot\src\share\vm\prims\jvm.cpp, line 1275]
Event: 0.585 Thread 0x0000000002c90800 Exception <a 'java/security/PrivilegedActionException'> (0x00000000eb6f7bd0) thrown at [D:\re\workspace\8-2-build-windows-amd64-cygwin\jdk8u20\1074\hotspot\src\share\vm\prims\jvm.cpp, line 1275]
Event: 0.586 Thread 0x0000000002c90800 Exception <a 'java/security/PrivilegedActionException'> (0x00000000eb6fc2f0) thrown at [D:\re\workspace\8-2-build-windows-amd64-cygwin\jdk8u20\1074\hotspot\src\share\vm\prims\jvm.cpp, line 1275]
Event: 0.587 Thread 0x0000000002c90800 Exception <a 'java/security/PrivilegedActionException'> (0x00000000eb6fd190) thrown at [D:\re\workspace\8-2-build-windows-amd64-cygwin\jdk8u20\1074\hotspot\src\share\vm\prims\jvm.cpp, line 1275]
Event: 0.929 Thread 0x0000000002c90800 Exception <a 'java/security/PrivilegedActionException'> (0x00000000eb7feb40) thrown at [D:\re\workspace\8-2-build-windows-amd64-cygwin\jdk8u20\1074\hotspot\src\share\vm\prims\jvm.cpp, line 1275]
Event: 0.932 Thread 0x0000000002c90800 Exception <a 'java/security/PrivilegedActionException'> (0x00000000eb7ffc10) thrown at [D:\re\workspace\8-2-build-windows-amd64-cygwin\jdk8u20\1074\hotspot\src\share\vm\prims\jvm.cpp, line 1275]
Event: 0.935 Thread 0x0000000002c90800 Exception <a 'java/security/PrivilegedActionException'> (0x00000000eb800ca0) thrown at [D:\re\workspace\8-2-build-windows-amd64-cygwin\jdk8u20\1074\hotspot\src\share\vm\prims\jvm.cpp, line 1275]
Event: 0.937 Thread 0x0000000002c90800 Exception <a 'java/security/PrivilegedActionException'> (0x00000000eb801d30) thrown at [D:\re\workspace\8-2-build-windows-amd64-cygwin\jdk8u20\1074\hotspot\src\share\vm\prims\jvm.cpp, line 1275]

Events (10 events):
Event: 1371.508 loading class java/awt/image/WritableRenderedImage done
Event: 1371.508 loading class java/awt/image/BufferedImage done
Event: 1371.509 loading class java/awt/image/BufferedImage$1
Event: 1371.509 loading class java/awt/image/BufferedImage$1 done
Event: 1371.509 loading class sun/awt/image/BufImgSurfaceData
Event: 1371.510 loading class sun/awt/image/BufImgSurfaceData done
Event: 1371.510 loading class sun/awt/image/BufImgSurfaceData$ICMColorData
Event: 1371.510 loading class sun/awt/image/BufImgSurfaceData$ICMColorData done
Event: 1378.936 loading class sun/java2d/pipe/hw/AccelDeviceEventNotifier
Event: 1379.126 loading class sun/java2d/pipe/hw/AccelDeviceEventNotifier done


Dynamic libraries:
0x00007ff6f7000000 - 0x00007ff6f7034000 	C:\Program Files\Java\jre1.8.0_20\bin\javaw.exe
0x00007ffbd10c0000 - 0x00007ffbd12a1000 	C:\WINDOWS\SYSTEM32\ntdll.dll
0x00007ffbd0ea0000 - 0x00007ffbd0f52000 	C:\WINDOWS\System32\KERNEL32.DLL
0x00007ffbcdfb0000 - 0x00007ffbce223000 	C:\WINDOWS\System32\KERNELBASE.dll
0x00007ffbd03b0000 - 0x00007ffbd0451000 	C:\WINDOWS\System32\ADVAPI32.dll
0x00007ffbd0f90000 - 0x00007ffbd102e000 	C:\WINDOWS\System32\msvcrt.dll
0x00007ffbd0470000 - 0x00007ffbd04cb000 	C:\WINDOWS\System32\sechost.dll
0x00007ffbce550000 - 0x00007ffbce674000 	C:\WINDOWS\System32\RPCRT4.dll
0x00007ffbd0630000 - 0x00007ffbd07c0000 	C:\WINDOWS\System32\USER32.dll
0x00007ffbce230000 - 0x00007ffbce250000 	C:\WINDOWS\System32\win32u.dll
0x00007ffbd0240000 - 0x00007ffbd0268000 	C:\WINDOWS\System32\GDI32.dll
0x00007ffbcde10000 - 0x00007ffbcdfa2000 	C:\WINDOWS\System32\gdi32full.dll
0x00007ffbcdd70000 - 0x00007ffbcde0f000 	C:\WINDOWS\System32\msvcp_win.dll
0x00007ffbcdc70000 - 0x00007ffbcdd6a000 	C:\WINDOWS\System32\ucrtbase.dll
0x00007ffbbb970000 - 0x00007ffbbbbd9000 	C:\WINDOWS\WinSxS\amd64_microsoft.windows.common-controls_6595b64144ccf1df_6.0.17134.345_none_fb429a5930656358\COMCTL32.dll
0x00007ffbce850000 - 0x00007ffbceb73000 	C:\WINDOWS\System32\combase.dll
0x00007ffbcdba0000 - 0x00007ffbcdc1a000 	C:\WINDOWS\System32\bcryptPrimitives.dll
0x00007ffbd0f60000 - 0x00007ffbd0f8d000 	C:\WINDOWS\System32\IMM32.DLL
0x0000000056f80000 - 0x0000000057052000 	C:\Program Files\Java\jre1.8.0_20\bin\msvcr100.dll
0x0000000054ce0000 - 0x0000000055538000 	C:\Program Files\Java\jre1.8.0_20\bin\server\jvm.dll
0x00007ffbd0460000 - 0x00007ffbd0468000 	C:\WINDOWS\System32\PSAPI.DLL
0x00007ffbc37b0000 - 0x00007ffbc37d3000 	C:\WINDOWS\SYSTEM32\WINMM.dll
0x00007ffbc42e0000 - 0x00007ffbc42e9000 	C:\WINDOWS\SYSTEM32\WSOCK32.dll
0x00007ffbd0340000 - 0x00007ffbd03ac000 	C:\WINDOWS\System32\WS2_32.dll
0x00007ffbc3780000 - 0x00007ffbc37aa000 	C:\WINDOWS\SYSTEM32\WINMMBASE.dll
0x00007ffbcdc20000 - 0x00007ffbcdc69000 	C:\WINDOWS\System32\cfgmgr32.dll
0x00000000586b0000 - 0x00000000586bf000 	C:\Program Files\Java\jre1.8.0_20\bin\verify.dll
0x0000000057c90000 - 0x0000000057cb8000 	C:\Program Files\Java\jre1.8.0_20\bin\java.dll
0x0000000057b90000 - 0x0000000057ba6000 	C:\Program Files\Java\jre1.8.0_20\bin\zip.dll
0x00007ffbced80000 - 0x00007ffbd01bf000 	C:\WINDOWS\System32\SHELL32.dll
0x00007ffbd0df0000 - 0x00007ffbd0e99000 	C:\WINDOWS\System32\shcore.dll
0x00007ffbcd490000 - 0x00007ffbcdb9d000 	C:\WINDOWS\System32\windows.storage.dll
0x00007ffbd1030000 - 0x00007ffbd1081000 	C:\WINDOWS\System32\shlwapi.dll
0x00007ffbcd450000 - 0x00007ffbcd461000 	C:\WINDOWS\System32\kernel.appcore.dll
0x00007ffbcd470000 - 0x00007ffbcd48f000 	C:\WINDOWS\System32\profapi.dll
0x00007ffbcd3e0000 - 0x00007ffbcd42c000 	C:\WINDOWS\System32\powrprof.dll
0x00007ffbcd3d0000 - 0x00007ffbcd3da000 	C:\WINDOWS\System32\FLTLIB.DLL
0x0000000056de0000 - 0x0000000056f78000 	C:\Program Files\Java\jre1.8.0_20\bin\awt.dll
0x00007ffbd0270000 - 0x00007ffbd0332000 	C:\WINDOWS\System32\OLEAUT32.dll
0x00007ffbcb1f0000 - 0x00007ffbcb27b000 	C:\WINDOWS\SYSTEM32\apphelp.dll
0x00007ffbcbb60000 - 0x00007ffbcbb89000 	C:\WINDOWS\system32\DWMAPI.DLL
0x00007ffbcba90000 - 0x00007ffbcbb28000 	C:\WINDOWS\system32\uxtheme.dll
0x00007ffbd0c70000 - 0x00007ffbd0de4000 	C:\WINDOWS\System32\MSCTF.dll
0x00007ffbd04d0000 - 0x00007ffbd0621000 	C:\WINDOWS\System32\ole32.dll
0x0000000058040000 - 0x0000000058087000 	C:\Program Files\Java\jre1.8.0_20\bin\fontmanager.dll
0x00007ffbce6b0000 - 0x00007ffbce750000 	C:\WINDOWS\System32\clbcatq.dll
0x00007ffbcb760000 - 0x00007ffbcb90e000 	C:\WINDOWS\SYSTEM32\WindowsCodecs.dll
0x00007ffbbc8e0000 - 0x00007ffbbc938000 	C:\WINDOWS\system32\dataexchange.dll
0x00007ffbca230000 - 0x00007ffbca53b000 	C:\WINDOWS\system32\d3d11.dll
0x00007ffbcab10000 - 0x00007ffbcacac000 	C:\WINDOWS\system32\dcomp.dll
0x00007ffbcc190000 - 0x00007ffbcc24b000 	C:\WINDOWS\system32\dxgi.dll
0x00007ffbcbc40000 - 0x00007ffbcbdf8000 	C:\WINDOWS\system32\twinapi.appcore.dll
0x00007ffbcbe30000 - 0x00007ffbcbe51000 	C:\WINDOWS\system32\RMCLIENT.dll
0x00007ffbbf460000 - 0x00007ffbbf4f7000 	C:\WINDOWS\System32\TextInputFramework.dll
0x00007ffbbf0c0000 - 0x00007ffbbf3de000 	C:\WINDOWS\System32\CoreUIComponents.dll
0x00007ffbcacb0000 - 0x00007ffbcad8a000 	C:\WINDOWS\System32\CoreMessaging.dll
0x00007ffbcc4c0000 - 0x00007ffbcc4f1000 	C:\WINDOWS\SYSTEM32\ntmarta.dll
0x00007ffbc7f80000 - 0x00007ffbc80cd000 	C:\WINDOWS\SYSTEM32\wintypes.dll
0x00007ffbbbe90000 - 0x00007ffbbbefb000 	C:\WINDOWS\system32\Oleacc.dll
0x0000000057b70000 - 0x0000000057b8a000 	C:\Program Files\Java\jre1.8.0_20\bin\net.dll
0x00007ffbccbf0000 - 0x00007ffbccc56000 	C:\WINDOWS\system32\mswsock.dll
0x0000000057b50000 - 0x0000000057b61000 	C:\Program Files\Java\jre1.8.0_20\bin\nio.dll
0x0000000057ff0000 - 0x0000000058031000 	C:\Program Files\Java\jre1.8.0_20\bin\t2k.dll

VM Arguments:
jvm_args: -Dfile.encoding=Cp1252 
java_command: frame
java_class_path (initial): C:\Users\sachin\workspace\KBC\bin
Launcher Type: SUN_STANDARD

Environment Variables:
PATH=C:/Program Files/Java/jre1.8.0_20/bin/server;C:/Program Files/Java/jre1.8.0_20/bin;C:/Program Files/Java/jre1.8.0_20/lib/amd64;C:\ProgramData\Oracle\Java\javapath;C:\Program Files (x86)\Intel\iCLS Client\;C:\Program Files\Intel\iCLS Client\;C:\WINDOWS\system32;C:\WINDOWS;C:\WINDOWS\System32\Wbem;C:\WINDOWS\System32\WindowsPowerShell\v1.0\;C:\Program Files\Intel\Intel(R) Management Engine Components\DAL;C:\Program Files\Intel\Intel(R) Management Engine Components\IPT;C:\Program Files (x86)\Intel\Intel(R) Management Engine Components\DAL;C:\Program Files (x86)\Intel\Intel(R) Management Engine Components\IPT;C:\Program Files (x86)\Intel\OpenCL SDK\2.0\bin\x86;C:\Program Files (x86)\Intel\OpenCL SDK\2.0\bin\x64;C:\Program Files\Intel\WiFi\bin\;C:\Program Files\Common Files\Intel\WirelessCommon\;C:\WINDOWS\System32\OpenSSH\;C:\Users\sachin\AppData\Local\Microsoft\WindowsApps;;C:\Users\sachin\Desktop;
USERNAME=sachin
OS=Windows_NT
PROCESSOR_IDENTIFIER=Intel64 Family 6 Model 58 Stepping 9, GenuineIntel



---------------  S Y S T E M  ---------------

OS: Windows 8.1 , 64 bit Build 9600 

CPU:total 4 (2 cores per cpu, 2 threads per core) family 6 model 58 stepping 9, cmov, cx8, fxsr, mmx, sse, sse2, sse3, ssse3, sse4.1, sse4.2, popcnt, avx, aes, clmul, erms, ht, tsc, tscinvbit, tscinv

Memory: 4k page, physical 4077252k(216948k free), swap 16660164k(0k free)

vm_info: Java HotSpot(TM) 64-Bit Server VM (25.20-b23) for windows-amd64 JRE (1.8.0_20-b26), built on Jul 30 2014 13:51:23 by "java_re" with MS VC++ 10.0 (VS2010)

time: Tue Nov 06 12:59:14 2018
elapsed time: 4952 seconds (0d 1h 22m 32s)

